2020-10-09T17:08:32-0400 [INFO    ] dandi Traversing remote dandisets (000023) recursively
2020-10-09T17:08:32-0400 [INFO    ] backups2datalad.py Updating metadata file
2020-10-09T17:08:50-0400 [INFO    ] backups2datalad.py Syncing asset /sub-541516760/sub-541516760_ses-541549227_icephys.nwb
2020-10-09T17:08:51-0400 [INFO    ] backups2datalad.py Asset in dataset, and hash shows no modification; will not update
2020-10-09T17:08:51-0400 [INFO    ] backups2datalad.py Syncing asset /sub-541516760/sub-541516760_ses-541557101_icephys.nwb
2020-10-09T17:08:51-0400 [INFO    ] backups2datalad.py Asset in dataset, and hash shows no modification; will not update
2020-10-09T17:08:51-0400 [INFO    ] backups2datalad.py Syncing asset /sub-567704703/sub-567704703_ses-567754895_icephys.nwb
2020-10-09T17:08:52-0400 [INFO    ] backups2datalad.py Asset in dataset, and hash shows no modification; will not update
2020-10-09T17:08:52-0400 [INFO    ] backups2datalad.py Syncing asset /sub-569800644/sub-569800644_ses-569835791_icephys.nwb
2020-10-09T17:08:52-0400 [INFO    ] backups2datalad.py Asset in dataset, and hash shows no modification; will not update
2020-10-09T17:08:52-0400 [INFO    ] backups2datalad.py Syncing asset /sub-569800644/sub-569800644_ses-569860104_icephys.nwb
2020-10-09T17:08:52-0400 [INFO    ] backups2datalad.py Asset in dataset, and hash shows no modification; will not update
2020-10-09T17:08:52-0400 [INFO    ] backups2datalad.py Syncing asset /sub-571364629/sub-571364629_ses-571511135_icephys.nwb
2020-10-09T17:08:53-0400 [INFO    ] backups2datalad.py Asset in dataset, and hash shows no modification; will not update
2020-10-09T17:08:53-0400 [INFO    ] backups2datalad.py Syncing asset /sub-571458187/sub-571458187_ses-571640515_icephys.nwb
2020-10-09T17:08:53-0400 [INFO    ] backups2datalad.py Asset in dataset, and hash shows no modification; will not update
2020-10-09T17:08:53-0400 [INFO    ] backups2datalad.py Syncing asset /sub-571458187/sub-571458187_ses-571732666_icephys.nwb
2020-10-09T17:08:53-0400 [INFO    ] backups2datalad.py Asset in dataset, and hash shows no modification; will not update
2020-10-09T17:08:53-0400 [INFO    ] backups2datalad.py Syncing asset /sub-576060516/sub-576060516_ses-576110705_icephys.nwb
2020-10-09T17:08:54-0400 [INFO    ] backups2datalad.py Asset in dataset, and hash shows no modification; will not update
2020-10-09T17:08:54-0400 [INFO    ] backups2datalad.py Syncing asset /sub-576060516/sub-576060516_ses-576118003_icephys.nwb
2020-10-09T17:08:54-0400 [INFO    ] backups2datalad.py Asset in dataset, and hash shows no modification; will not update
2020-10-09T17:08:54-0400 [INFO    ] backups2datalad.py Syncing asset /sub-576060516/sub-576060516_ses-576134053_icephys.nwb
2020-10-09T17:08:54-0400 [INFO    ] backups2datalad.py Asset in dataset, and hash shows no modification; will not update
2020-10-09T17:08:54-0400 [INFO    ] backups2datalad.py Syncing asset /sub-576060516/sub-576060516_ses-576140380_icephys.nwb
2020-10-09T17:08:55-0400 [INFO    ] backups2datalad.py Asset in dataset, and hash shows no modification; will not update
2020-10-09T17:08:55-0400 [INFO    ] backups2datalad.py Syncing asset /sub-591270122/sub-591270122_ses-591317862_icephys.nwb
2020-10-09T17:08:55-0400 [INFO    ] backups2datalad.py Asset in dataset, and hash shows no modification; will not update
2020-10-09T17:08:55-0400 [INFO    ] backups2datalad.py Syncing asset /sub-591270122/sub-591270122_ses-591337939_icephys.nwb
2020-10-09T17:08:55-0400 [INFO    ] backups2datalad.py Asset in dataset, and hash shows no modification; will not update
2020-10-09T17:08:55-0400 [INFO    ] backups2datalad.py Syncing asset /sub-591270122/sub-591270122_ses-591399423_icephys.nwb
2020-10-09T17:08:56-0400 [INFO    ] backups2datalad.py Asset in dataset, and hash shows no modification; will not update
2020-10-09T17:08:56-0400 [INFO    ] backups2datalad.py Syncing asset /sub-591270122/sub-591270122_ses-591411317_icephys.nwb
2020-10-09T17:08:56-0400 [INFO    ] backups2datalad.py Asset in dataset, and hash shows no modification; will not update
2020-10-09T17:08:56-0400 [INFO    ] backups2datalad.py Syncing asset /sub-591270122/sub-591270122_ses-591422046_icephys.nwb
2020-10-09T17:08:56-0400 [INFO    ] backups2datalad.py Asset in dataset, and hash shows no modification; will not update
2020-10-09T17:08:56-0400 [INFO    ] backups2datalad.py Syncing asset /sub-591270122/sub-591270122_ses-591442353_icephys.nwb
2020-10-09T17:08:57-0400 [INFO    ] backups2datalad.py Asset in dataset, and hash shows no modification; will not update
2020-10-09T17:08:57-0400 [INFO    ] backups2datalad.py Syncing asset /sub-592433014/sub-592433014_ses-592470570_icephys.nwb
2020-10-09T17:08:57-0400 [INFO    ] backups2datalad.py Asset in dataset, and hash shows no modification; will not update
2020-10-09T17:08:57-0400 [INFO    ] backups2datalad.py Syncing asset /sub-592433014/sub-592433014_ses-592518561_icephys.nwb
2020-10-09T17:08:57-0400 [INFO    ] backups2datalad.py Asset in dataset, and hash shows no modification; will not update
2020-10-09T17:08:57-0400 [INFO    ] backups2datalad.py Syncing asset /sub-592433014/sub-592433014_ses-592531937_icephys.nwb
2020-10-09T17:08:58-0400 [INFO    ] backups2datalad.py Asset in dataset, and hash shows no modification; will not update
2020-10-09T17:08:58-0400 [INFO    ] backups2datalad.py Syncing asset /sub-592433014/sub-592433014_ses-592535960_icephys.nwb
2020-10-09T17:08:58-0400 [INFO    ] backups2datalad.py Asset in dataset, and hash shows no modification; will not update
2020-10-09T17:08:58-0400 [INFO    ] backups2datalad.py Syncing asset /sub-592433014/sub-592433014_ses-592544658_icephys.nwb
2020-10-09T17:08:58-0400 [INFO    ] backups2datalad.py Asset in dataset, and hash shows no modification; will not update
2020-10-09T17:08:58-0400 [INFO    ] backups2datalad.py Syncing asset /sub-592433014/sub-592433014_ses-592558145_icephys.nwb
2020-10-09T17:08:59-0400 [INFO    ] backups2datalad.py Asset in dataset, and hash shows no modification; will not update
2020-10-09T17:08:59-0400 [INFO    ] backups2datalad.py Syncing asset /sub-592433014/sub-592433014_ses-592585099_icephys.nwb
2020-10-09T17:08:59-0400 [INFO    ] backups2datalad.py Asset in dataset, and hash shows no modification; will not update
2020-10-09T17:08:59-0400 [INFO    ] backups2datalad.py Syncing asset /sub-592433014/sub-592433014_ses-592592047_icephys.nwb
2020-10-09T17:08:59-0400 [INFO    ] backups2datalad.py Asset in dataset, and hash shows no modification; will not update
2020-10-09T17:08:59-0400 [INFO    ] backups2datalad.py Syncing asset /sub-592433014/sub-592433014_ses-592598056_icephys.nwb
2020-10-09T17:09:00-0400 [INFO    ] backups2datalad.py Asset in dataset, and hash shows no modification; will not update
2020-10-09T17:09:00-0400 [INFO    ] backups2datalad.py Syncing asset /sub-592433014/sub-592433014_ses-592598585_icephys.nwb
2020-10-09T17:09:00-0400 [INFO    ] backups2datalad.py Asset in dataset, and hash shows no modification; will not update
2020-10-09T17:09:00-0400 [INFO    ] backups2datalad.py Syncing asset /sub-595536280/sub-595536280_ses-595572593_icephys.nwb
2020-10-09T17:09:00-0400 [INFO    ] backups2datalad.py Asset in dataset, and hash shows no modification; will not update
2020-10-09T17:09:00-0400 [INFO    ] backups2datalad.py Syncing asset /sub-595536280/sub-595536280_ses-595583049_icephys.nwb
2020-10-09T17:09:01-0400 [INFO    ] backups2datalad.py Asset in dataset, and hash shows no modification; will not update
2020-10-09T17:09:01-0400 [INFO    ] backups2datalad.py Syncing asset /sub-595954915/sub-595954915_ses-596036386_icephys.nwb
2020-10-09T17:09:01-0400 [INFO    ] backups2datalad.py Asset in dataset, and hash shows no modification; will not update
2020-10-09T17:09:01-0400 [INFO    ] backups2datalad.py Syncing asset /sub-595954915/sub-595954915_ses-596049412_icephys.nwb
2020-10-09T17:09:01-0400 [INFO    ] backups2datalad.py Asset in dataset, and hash shows no modification; will not update
2020-10-09T17:09:01-0400 [INFO    ] backups2datalad.py Syncing asset /sub-595954915/sub-595954915_ses-596052253_icephys.nwb
2020-10-09T17:09:02-0400 [INFO    ] backups2datalad.py Asset in dataset, and hash shows no modification; will not update
2020-10-09T17:09:02-0400 [INFO    ] backups2datalad.py Syncing asset /sub-595954915/sub-595954915_ses-596053349_icephys.nwb
2020-10-09T17:09:02-0400 [INFO    ] backups2datalad.py Asset in dataset, and hash shows no modification; will not update
2020-10-09T17:09:02-0400 [INFO    ] backups2datalad.py Syncing asset /sub-595954915/sub-595954915_ses-596069195_icephys.nwb
2020-10-09T17:09:02-0400 [INFO    ] backups2datalad.py Asset in dataset, and hash shows no modification; will not update
2020-10-09T17:09:02-0400 [INFO    ] backups2datalad.py Syncing asset /sub-596832620/sub-596832620_ses-596891498_icephys.nwb
2020-10-09T17:09:03-0400 [INFO    ] backups2datalad.py Asset in dataset, and hash shows no modification; will not update
2020-10-09T17:09:03-0400 [INFO    ] backups2datalad.py Syncing asset /sub-596832620/sub-596832620_ses-596892865_icephys.nwb
2020-10-09T17:09:03-0400 [INFO    ] backups2datalad.py Asset in dataset, and hash shows no modification; will not update
2020-10-09T17:09:03-0400 [INFO    ] backups2datalad.py Syncing asset /sub-596832620/sub-596832620_ses-596894371_icephys.nwb
2020-10-09T17:09:03-0400 [INFO    ] backups2datalad.py Asset in dataset, and hash shows no modification; will not update
2020-10-09T17:09:03-0400 [INFO    ] backups2datalad.py Syncing asset /sub-596832620/sub-596832620_ses-596894428_icephys.nwb
2020-10-09T17:09:04-0400 [INFO    ] backups2datalad.py Asset in dataset, and hash shows no modification; will not update
2020-10-09T17:09:04-0400 [INFO    ] backups2datalad.py Syncing asset /sub-596832620/sub-596832620_ses-596898822_icephys.nwb
2020-10-09T17:09:04-0400 [INFO    ] backups2datalad.py Asset in dataset, and hash shows no modification; will not update
2020-10-09T17:09:04-0400 [INFO    ] backups2datalad.py Syncing asset /sub-596832620/sub-596832620_ses-596917071_icephys.nwb
2020-10-09T17:09:05-0400 [INFO    ] backups2datalad.py Asset in dataset, and hash shows no modification; will not update
2020-10-09T17:09:05-0400 [INFO    ] backups2datalad.py Syncing asset /sub-601901227/sub-601901227_ses-601940724_icephys.nwb
2020-10-09T17:09:05-0400 [INFO    ] backups2datalad.py Asset in dataset, and hash shows no modification; will not update
2020-10-09T17:09:05-0400 [INFO    ] backups2datalad.py Syncing asset /sub-601901227/sub-601901227_ses-601958627_icephys.nwb
2020-10-09T17:09:05-0400 [INFO    ] backups2datalad.py Asset in dataset, and hash shows no modification; will not update
2020-10-09T17:09:05-0400 [INFO    ] backups2datalad.py Syncing asset /sub-601901227/sub-601901227_ses-602165643_icephys.nwb
2020-10-09T17:09:06-0400 [INFO    ] backups2datalad.py Asset in dataset, and hash shows no modification; will not update
2020-10-09T17:09:06-0400 [INFO    ] backups2datalad.py Syncing asset /sub-601901227/sub-601901227_ses-602234627_icephys.nwb
2020-10-09T17:09:06-0400 [INFO    ] backups2datalad.py Asset in dataset, and hash shows no modification; will not update
2020-10-09T17:09:06-0400 [INFO    ] backups2datalad.py Syncing asset /sub-611526465/sub-611526465_ses-611616224_icephys.nwb
2020-10-09T17:09:06-0400 [INFO    ] backups2datalad.py Asset in dataset, and hash shows no modification; will not update
2020-10-09T17:09:06-0400 [INFO    ] backups2datalad.py Syncing asset /sub-611526465/sub-611526465_ses-611630962_icephys.nwb
2020-10-09T17:09:07-0400 [INFO    ] backups2datalad.py Asset in dataset, and hash shows no modification; will not update
2020-10-09T17:09:07-0400 [INFO    ] backups2datalad.py Syncing asset /sub-611526465/sub-611526465_ses-611926417_icephys.nwb
2020-10-09T17:09:07-0400 [INFO    ] backups2datalad.py Asset in dataset, and hash shows no modification; will not update
2020-10-09T17:09:07-0400 [INFO    ] backups2datalad.py Syncing asset /sub-642843699/sub-642843699_ses-642862167_icephys.nwb
2020-10-09T17:09:07-0400 [INFO    ] backups2datalad.py Asset in dataset, and hash shows no modification; will not update
2020-10-09T17:09:07-0400 [INFO    ] backups2datalad.py Syncing asset /sub-642843699/sub-642843699_ses-642864546_icephys.nwb
2020-10-09T17:09:07-0400 [INFO    ] backups2datalad.py Asset in dataset, and hash shows no modification; will not update
2020-10-09T17:09:07-0400 [INFO    ] backups2datalad.py Syncing asset /sub-642843699/sub-642843699_ses-642867562_icephys.nwb
2020-10-09T17:09:08-0400 [INFO    ] backups2datalad.py Asset in dataset, and hash shows no modification; will not update
2020-10-09T17:09:08-0400 [INFO    ] backups2datalad.py Syncing asset /sub-648220984/sub-648220984_ses-650074923_icephys.nwb
2020-10-09T17:09:08-0400 [INFO    ] backups2datalad.py Asset in dataset, and hash shows no modification; will not update
2020-10-09T17:09:08-0400 [INFO    ] backups2datalad.py Syncing asset /sub-651940947/sub-651940947_ses-652075387_icephys.nwb
2020-10-09T17:09:08-0400 [INFO    ] backups2datalad.py Asset in dataset, and hash shows no modification; will not update
2020-10-09T17:09:08-0400 [INFO    ] backups2datalad.py Syncing asset /sub-653027578/sub-653027578_ses-653034589_icephys.nwb
2020-10-09T17:09:09-0400 [INFO    ] backups2datalad.py Asset in dataset, and hash shows no modification; will not update
2020-10-09T17:09:09-0400 [INFO    ] backups2datalad.py Syncing asset /sub-653027578/sub-653027578_ses-653040819_icephys.nwb
2020-10-09T17:09:09-0400 [INFO    ] backups2datalad.py Asset in dataset, and hash shows no modification; will not update
2020-10-09T17:09:09-0400 [INFO    ] backups2datalad.py Syncing asset /sub-653718968/sub-653718968_ses-653804519_icephys.nwb
2020-10-09T17:09:09-0400 [INFO    ] backups2datalad.py Asset in dataset, and hash shows no modification; will not update
2020-10-09T17:09:09-0400 [INFO    ] backups2datalad.py Syncing asset /sub-653718968/sub-653718968_ses-653824813_icephys.nwb
2020-10-09T17:09:10-0400 [INFO    ] backups2datalad.py Asset in dataset, and hash shows no modification; will not update
2020-10-09T17:09:10-0400 [INFO    ] backups2datalad.py Syncing asset /sub-653718968/sub-653718968_ses-653825066_icephys.nwb
2020-10-09T17:09:10-0400 [INFO    ] backups2datalad.py Asset in dataset, and hash shows no modification; will not update
2020-10-09T17:09:10-0400 [INFO    ] backups2datalad.py Syncing asset /sub-653718968/sub-653718968_ses-653854226_icephys.nwb
2020-10-09T17:09:10-0400 [INFO    ] backups2datalad.py Asset in dataset, and hash shows no modification; will not update
2020-10-09T17:09:10-0400 [INFO    ] backups2datalad.py Syncing asset /sub-653718968/sub-653718968_ses-654180530_icephys.nwb
2020-10-09T17:09:11-0400 [INFO    ] backups2datalad.py Asset in dataset, and hash shows no modification; will not update
2020-10-09T17:09:11-0400 [INFO    ] backups2datalad.py Syncing asset /sub-660473566/sub-660473566_ses-660494058_icephys.nwb
2020-10-09T17:09:11-0400 [INFO    ] backups2datalad.py Asset in dataset, and hash shows no modification; will not update
2020-10-09T17:09:11-0400 [INFO    ] backups2datalad.py Syncing asset /sub-665691251/sub-665691251_ses-665694233_icephys.nwb
2020-10-09T17:09:11-0400 [INFO    ] backups2datalad.py Asset in dataset, and hash shows no modification; will not update
2020-10-09T17:09:11-0400 [INFO    ] backups2datalad.py Syncing asset /sub-665691251/sub-665691251_ses-665711421_icephys.nwb
2020-10-09T17:09:12-0400 [INFO    ] backups2datalad.py Asset in dataset, and hash shows no modification; will not update
2020-10-09T17:09:12-0400 [INFO    ] backups2datalad.py Syncing asset /sub-665691251/sub-665691251_ses-665713792_icephys.nwb
2020-10-09T17:09:12-0400 [INFO    ] backups2datalad.py Asset in dataset, and hash shows no modification; will not update
2020-10-09T17:09:12-0400 [INFO    ] backups2datalad.py Syncing asset /sub-665691251/sub-665691251_ses-666155743_icephys.nwb
2020-10-09T17:09:13-0400 [INFO    ] backups2datalad.py Asset in dataset, and hash shows no modification; will not update
2020-10-09T17:09:13-0400 [INFO    ] backups2datalad.py Syncing asset /sub-672118436/sub-672118436_ses-672184262_icephys.nwb
2020-10-09T17:09:13-0400 [INFO    ] backups2datalad.py Asset in dataset, and hash shows no modification; will not update
2020-10-09T17:09:13-0400 [INFO    ] backups2datalad.py Syncing asset /sub-672118436/sub-672118436_ses-672298648_icephys.nwb
2020-10-09T17:09:13-0400 [INFO    ] backups2datalad.py Asset in dataset, and hash shows no modification; will not update
2020-10-09T17:09:13-0400 [INFO    ] backups2datalad.py Syncing asset /sub-672637567/sub-672637567_ses-672646262_icephys.nwb
2020-10-09T17:09:14-0400 [INFO    ] backups2datalad.py Asset in dataset, and hash shows no modification; will not update
2020-10-09T17:09:14-0400 [INFO    ] backups2datalad.py Syncing asset /sub-672637567/sub-672637567_ses-672650708_icephys.nwb
2020-10-09T17:09:14-0400 [INFO    ] backups2datalad.py Asset in dataset, and hash shows no modification; will not update
2020-10-09T17:09:14-0400 [INFO    ] backups2datalad.py Syncing asset /sub-674562997/sub-674562997_ses-674613868_icephys.nwb
2020-10-09T17:09:14-0400 [INFO    ] backups2datalad.py Asset in dataset, and hash shows no modification; will not update
2020-10-09T17:09:14-0400 [INFO    ] backups2datalad.py Syncing asset /sub-674562997/sub-674562997_ses-674615711_icephys.nwb
2020-10-09T17:09:15-0400 [INFO    ] backups2datalad.py Asset in dataset, and hash shows no modification; will not update
2020-10-09T17:09:15-0400 [INFO    ] backups2datalad.py Syncing asset /sub-674562997/sub-674562997_ses-674635802_icephys.nwb
2020-10-09T17:09:15-0400 [INFO    ] backups2datalad.py Asset in dataset, and hash shows no modification; will not update
2020-10-09T17:09:15-0400 [INFO    ] backups2datalad.py Syncing asset /sub-674562997/sub-674562997_ses-674643148_icephys.nwb
2020-10-09T17:09:15-0400 [INFO    ] backups2datalad.py Asset in dataset, and hash shows no modification; will not update
2020-10-09T17:09:15-0400 [INFO    ] backups2datalad.py Syncing asset /sub-674562997/sub-674562997_ses-674660103_icephys.nwb
2020-10-09T17:09:16-0400 [INFO    ] backups2datalad.py Asset in dataset, and hash shows no modification; will not update
2020-10-09T17:09:16-0400 [INFO    ] backups2datalad.py Syncing asset /sub-676285262/sub-676285262_ses-676464358_icephys.nwb
2020-10-09T17:09:16-0400 [INFO    ] backups2datalad.py Asset in dataset, and hash shows no modification; will not update
2020-10-09T17:09:16-0400 [INFO    ] backups2datalad.py Syncing asset /sub-676839274/sub-676839274_ses-676983132_icephys.nwb
2020-10-09T17:09:16-0400 [INFO    ] backups2datalad.py Asset in dataset, and hash shows no modification; will not update
2020-10-09T17:09:16-0400 [INFO    ] backups2datalad.py Syncing asset /sub-676839274/sub-676839274_ses-676983606_icephys.nwb
2020-10-09T17:09:17-0400 [INFO    ] backups2datalad.py Asset in dataset, and hash shows no modification; will not update
2020-10-09T17:09:17-0400 [INFO    ] backups2datalad.py Syncing asset /sub-676839274/sub-676839274_ses-677060197_icephys.nwb
2020-10-09T17:09:17-0400 [INFO    ] backups2datalad.py Asset in dataset, and hash shows no modification; will not update
2020-10-09T17:09:17-0400 [INFO    ] backups2datalad.py Syncing asset /sub-676839274/sub-676839274_ses-677060420_icephys.nwb
2020-10-09T17:09:17-0400 [INFO    ] backups2datalad.py Asset in dataset, and hash shows no modification; will not update
2020-10-09T17:09:17-0400 [INFO    ] backups2datalad.py Syncing asset /sub-676839274/sub-676839274_ses-677087840_icephys.nwb
2020-10-09T17:09:18-0400 [INFO    ] backups2datalad.py Asset in dataset, and hash shows no modification; will not update
2020-10-09T17:09:18-0400 [INFO    ] backups2datalad.py Syncing asset /sub-676839274/sub-676839274_ses-677094662_icephys.nwb
2020-10-09T17:09:18-0400 [INFO    ] backups2datalad.py Asset in dataset, and hash shows no modification; will not update
2020-10-09T17:09:18-0400 [INFO    ] backups2datalad.py Syncing asset /sub-676839274/sub-676839274_ses-677099014_icephys.nwb
2020-10-09T17:09:18-0400 [INFO    ] backups2datalad.py Asset in dataset, and hash shows no modification; will not update
2020-10-09T17:09:18-0400 [INFO    ] backups2datalad.py Syncing asset /sub-677115273/sub-677115273_ses-680581009_icephys.nwb
2020-10-09T17:09:19-0400 [INFO    ] backups2datalad.py Asset in dataset, and hash shows no modification; will not update
2020-10-09T17:09:19-0400 [INFO    ] backups2datalad.py Syncing asset /sub-677115273/sub-677115273_ses-680581258_icephys.nwb
2020-10-09T17:09:19-0400 [INFO    ] backups2datalad.py Asset in dataset, and hash shows no modification; will not update
2020-10-09T17:09:19-0400 [INFO    ] backups2datalad.py Syncing asset /sub-677115273/sub-677115273_ses-680581408_icephys.nwb
2020-10-09T17:09:19-0400 [INFO    ] backups2datalad.py Asset in dataset, and hash shows no modification; will not update
2020-10-09T17:09:19-0400 [INFO    ] backups2datalad.py Syncing asset /sub-685740095/sub-685740095_ses-685767550_icephys.nwb
2020-10-09T17:09:20-0400 [INFO    ] backups2datalad.py Asset in dataset, and hash shows no modification; will not update
2020-10-09T17:09:20-0400 [INFO    ] backups2datalad.py Syncing asset /sub-685740095/sub-685740095_ses-685806296_icephys.nwb
2020-10-09T17:09:20-0400 [INFO    ] backups2datalad.py Asset in dataset, and hash shows no modification; will not update
2020-10-09T17:09:20-0400 [INFO    ] backups2datalad.py Syncing asset /sub-685740095/sub-685740095_ses-685814239_icephys.nwb
2020-10-09T17:09:20-0400 [INFO    ] backups2datalad.py Asset in dataset, and hash shows no modification; will not update
2020-10-09T17:09:20-0400 [INFO    ] backups2datalad.py Syncing asset /sub-685740095/sub-685740095_ses-685815923_icephys.nwb
2020-10-09T17:09:21-0400 [INFO    ] backups2datalad.py Asset in dataset, and hash shows no modification; will not update
2020-10-09T17:09:21-0400 [INFO    ] backups2datalad.py Syncing asset /sub-685740095/sub-685740095_ses-686077948_icephys.nwb
2020-10-09T17:09:21-0400 [INFO    ] backups2datalad.py Asset in dataset, and hash shows no modification; will not update
2020-10-09T17:09:21-0400 [INFO    ] backups2datalad.py Syncing asset /sub-689168779/sub-689168779_ses-689300515_icephys.nwb
2020-10-09T17:09:21-0400 [INFO    ] backups2datalad.py Asset in dataset, and hash shows no modification; will not update
2020-10-09T17:09:21-0400 [INFO    ] backups2datalad.py Syncing asset /sub-689168779/sub-689168779_ses-689306796_icephys.nwb
2020-10-09T17:09:22-0400 [INFO    ] backups2datalad.py Asset in dataset, and hash shows no modification; will not update
2020-10-09T17:09:22-0400 [INFO    ] backups2datalad.py Syncing asset /sub-689168779/sub-689168779_ses-689309047_icephys.nwb
2020-10-09T17:09:22-0400 [INFO    ] backups2datalad.py Asset in dataset, and hash shows no modification; will not update
2020-10-09T17:09:22-0400 [INFO    ] backups2datalad.py Syncing asset /sub-689168779/sub-689168779_ses-689312206_icephys.nwb
2020-10-09T17:09:22-0400 [INFO    ] backups2datalad.py Asset in dataset, and hash shows no modification; will not update
2020-10-09T17:09:22-0400 [INFO    ] backups2datalad.py Syncing asset /sub-689168779/sub-689168779_ses-689323420_icephys.nwb
2020-10-09T17:09:23-0400 [INFO    ] backups2datalad.py Asset in dataset, and hash shows no modification; will not update
2020-10-09T17:09:23-0400 [INFO    ] backups2datalad.py Syncing asset /sub-689168779/sub-689168779_ses-689354505_icephys.nwb
2020-10-09T17:09:23-0400 [INFO    ] backups2datalad.py Asset in dataset, and hash shows no modification; will not update
2020-10-09T17:09:23-0400 [INFO    ] backups2datalad.py Syncing asset /sub-689168779/sub-689168779_ses-689360240_icephys.nwb
2020-10-09T17:09:23-0400 [INFO    ] backups2datalad.py Asset in dataset, and hash shows no modification; will not update
2020-10-09T17:09:23-0400 [INFO    ] backups2datalad.py Syncing asset /sub-689168779/sub-689168779_ses-689369740_icephys.nwb
2020-10-09T17:09:24-0400 [INFO    ] backups2datalad.py Asset in dataset, and hash shows no modification; will not update
2020-10-09T17:09:24-0400 [INFO    ] backups2datalad.py Syncing asset /sub-695464588/sub-695464588_ses-695494540_icephys.nwb
2020-10-09T17:09:24-0400 [INFO    ] backups2datalad.py Asset in dataset, and hash shows no modification; will not update
2020-10-09T17:09:24-0400 [INFO    ] backups2datalad.py Syncing asset /sub-695464588/sub-695464588_ses-695496410_icephys.nwb
2020-10-09T17:09:24-0400 [INFO    ] backups2datalad.py Asset in dataset, and hash shows no modification; will not update
2020-10-09T17:09:24-0400 [INFO    ] backups2datalad.py Syncing asset /sub-695464588/sub-695464588_ses-695503853_icephys.nwb
2020-10-09T17:09:25-0400 [INFO    ] backups2datalad.py Asset in dataset, and hash shows no modification; will not update
2020-10-09T17:09:25-0400 [INFO    ] backups2datalad.py Syncing asset /sub-695464588/sub-695464588_ses-695509855_icephys.nwb
2020-10-09T17:09:25-0400 [INFO    ] backups2datalad.py Asset in dataset, and hash shows no modification; will not update
2020-10-09T17:09:25-0400 [INFO    ] backups2datalad.py Syncing asset /sub-695464588/sub-695464588_ses-695510684_icephys.nwb
2020-10-09T17:09:26-0400 [INFO    ] backups2datalad.py Asset in dataset, and hash shows no modification; will not update
2020-10-09T17:09:26-0400 [INFO    ] backups2datalad.py Syncing asset /sub-695464588/sub-695464588_ses-695510714_icephys.nwb
2020-10-09T17:09:26-0400 [INFO    ] backups2datalad.py Asset in dataset, and hash shows no modification; will not update
2020-10-09T17:09:26-0400 [INFO    ] backups2datalad.py Syncing asset /sub-695464588/sub-695464588_ses-695517029_icephys.nwb
2020-10-09T17:09:26-0400 [INFO    ] backups2datalad.py Asset in dataset, and hash shows no modification; will not update
2020-10-09T17:09:26-0400 [INFO    ] backups2datalad.py Syncing asset /sub-695464588/sub-695464588_ses-695521496_icephys.nwb
2020-10-09T17:09:27-0400 [INFO    ] backups2datalad.py Asset in dataset, and hash shows no modification; will not update
2020-10-09T17:09:27-0400 [INFO    ] backups2datalad.py Syncing asset /sub-695464588/sub-695464588_ses-695531184_icephys.nwb
2020-10-09T17:09:27-0400 [INFO    ] backups2datalad.py Asset in dataset, and hash shows no modification; will not update
2020-10-09T17:09:27-0400 [INFO    ] backups2datalad.py Syncing asset /sub-695464588/sub-695464588_ses-695531218_icephys.nwb
2020-10-09T17:09:27-0400 [INFO    ] backups2datalad.py Asset in dataset, and hash shows no modification; will not update
2020-10-09T17:09:27-0400 [INFO    ] backups2datalad.py Syncing asset /sub-695464588/sub-695464588_ses-695538825_icephys.nwb
2020-10-09T17:09:28-0400 [INFO    ] backups2datalad.py Asset in dataset, and hash shows no modification; will not update
2020-10-09T17:09:28-0400 [INFO    ] backups2datalad.py Syncing asset /sub-695464588/sub-695464588_ses-695543419_icephys.nwb
2020-10-09T17:09:28-0400 [INFO    ] backups2datalad.py Asset in dataset, and hash shows no modification; will not update
2020-10-09T17:09:28-0400 [INFO    ] backups2datalad.py Syncing asset /sub-695464588/sub-695464588_ses-695546514_icephys.nwb
2020-10-09T17:09:28-0400 [INFO    ] backups2datalad.py Asset in dataset, and hash shows no modification; will not update
2020-10-09T17:09:28-0400 [INFO    ] backups2datalad.py Syncing asset /sub-695464588/sub-695464588_ses-695557325_icephys.nwb
2020-10-09T17:09:29-0400 [INFO    ] backups2datalad.py Asset in dataset, and hash shows no modification; will not update
2020-10-09T17:09:29-0400 [INFO    ] backups2datalad.py Syncing asset /sub-695464588/sub-695464588_ses-695574422_icephys.nwb
2020-10-09T17:09:29-0400 [INFO    ] backups2datalad.py Asset in dataset, and hash shows no modification; will not update
2020-10-09T17:09:29-0400 [INFO    ] backups2datalad.py Syncing asset /sub-695464588/sub-695464588_ses-696106559_icephys.nwb
2020-10-09T17:09:29-0400 [INFO    ] backups2datalad.py Asset in dataset, and hash shows no modification; will not update
2020-10-09T17:09:29-0400 [INFO    ] backups2datalad.py Syncing asset /sub-695464588/sub-695464588_ses-696109719_icephys.nwb
2020-10-09T17:09:30-0400 [INFO    ] backups2datalad.py Asset in dataset, and hash shows no modification; will not update
2020-10-09T17:09:30-0400 [INFO    ] backups2datalad.py Syncing asset /sub-695464588/sub-695464588_ses-696111513_icephys.nwb
2020-10-09T17:09:30-0400 [INFO    ] backups2datalad.py Asset in dataset, and hash shows no modification; will not update
2020-10-09T17:09:30-0400 [INFO    ] backups2datalad.py Syncing asset /sub-700619648/sub-700619648_ses-700798753_icephys.nwb
2020-10-09T17:09:30-0400 [INFO    ] backups2datalad.py Asset in dataset, and hash shows no modification; will not update
2020-10-09T17:09:30-0400 [INFO    ] backups2datalad.py Syncing asset /sub-700619648/sub-700619648_ses-700820972_icephys.nwb
2020-10-09T17:09:31-0400 [INFO    ] backups2datalad.py Asset in dataset, and hash shows no modification; will not update
2020-10-09T17:09:31-0400 [INFO    ] backups2datalad.py Syncing asset /sub-700619648/sub-700619648_ses-700826467_icephys.nwb
2020-10-09T17:09:31-0400 [INFO    ] backups2datalad.py Asset in dataset, and hash shows no modification; will not update
2020-10-09T17:09:31-0400 [INFO    ] backups2datalad.py Syncing asset /sub-700619648/sub-700619648_ses-700843431_icephys.nwb
2020-10-09T17:09:31-0400 [INFO    ] backups2datalad.py Asset in dataset, and hash shows no modification; will not update
2020-10-09T17:09:31-0400 [INFO    ] backups2datalad.py Syncing asset /sub-700619648/sub-700619648_ses-700862472_icephys.nwb
2020-10-09T17:09:32-0400 [INFO    ] backups2datalad.py Asset in dataset, and hash shows no modification; will not update
2020-10-09T17:09:32-0400 [INFO    ] backups2datalad.py Syncing asset /sub-700619648/sub-700619648_ses-701072579_icephys.nwb
2020-10-09T17:09:32-0400 [INFO    ] backups2datalad.py Asset in dataset, and hash shows no modification; will not update
2020-10-09T17:09:32-0400 [INFO    ] backups2datalad.py Syncing asset /sub-707724503/sub-707724503_ses-707828821_icephys.nwb
2020-10-09T17:09:32-0400 [INFO    ] backups2datalad.py Asset in dataset, and hash shows no modification; will not update
2020-10-09T17:09:32-0400 [INFO    ] backups2datalad.py Syncing asset /sub-707724503/sub-707724503_ses-707833431_icephys.nwb
2020-10-09T17:09:33-0400 [INFO    ] backups2datalad.py Asset in dataset, and hash shows no modification; will not update
2020-10-09T17:09:33-0400 [INFO    ] backups2datalad.py Syncing asset /sub-712700908/sub-712700908_ses-712882756_icephys.nwb
2020-10-09T17:09:33-0400 [INFO    ] backups2datalad.py Asset in dataset, and hash shows no modification; will not update
2020-10-09T17:09:33-0400 [INFO    ] backups2datalad.py Syncing asset /sub-712700908/sub-712700908_ses-712886987_icephys.nwb
2020-10-09T17:09:33-0400 [INFO    ] backups2datalad.py Asset in dataset, and hash shows no modification; will not update
2020-10-09T17:09:33-0400 [INFO    ] backups2datalad.py Syncing asset /sub-712700908/sub-712700908_ses-712889217_icephys.nwb
2020-10-09T17:09:34-0400 [INFO    ] backups2datalad.py Asset in dataset, and hash shows no modification; will not update
2020-10-09T17:09:34-0400 [INFO    ] backups2datalad.py Syncing asset /sub-712700908/sub-712700908_ses-712892003_icephys.nwb
2020-10-09T17:09:34-0400 [INFO    ] backups2datalad.py Asset in dataset, and hash shows no modification; will not update
2020-10-09T17:09:34-0400 [INFO    ] backups2datalad.py Syncing asset /sub-716866594/sub-716866594_ses-716918793_icephys.nwb
2020-10-09T17:09:35-0400 [INFO    ] backups2datalad.py Asset in dataset, and hash shows no modification; will not update
2020-10-09T17:09:35-0400 [INFO    ] backups2datalad.py Syncing asset /sub-716866594/sub-716866594_ses-716928764_icephys.nwb
2020-10-09T17:09:35-0400 [INFO    ] backups2datalad.py Asset in dataset, and hash shows no modification; will not update
2020-10-09T17:09:35-0400 [INFO    ] backups2datalad.py Syncing asset /sub-717026464/sub-717026464_ses-717075468_icephys.nwb
2020-10-09T17:09:35-0400 [INFO    ] backups2datalad.py Asset in dataset, and hash shows no modification; will not update
2020-10-09T17:09:35-0400 [INFO    ] backups2datalad.py Syncing asset /sub-717026464/sub-717026464_ses-717087410_icephys.nwb
2020-10-09T17:09:36-0400 [INFO    ] backups2datalad.py Asset in dataset, and hash shows no modification; will not update
2020-10-09T17:09:36-0400 [INFO    ] backups2datalad.py Syncing asset /sub-717026464/sub-717026464_ses-717094580_icephys.nwb
2020-10-09T17:09:36-0400 [INFO    ] backups2datalad.py Asset in dataset, and hash shows no modification; will not update
2020-10-09T17:09:36-0400 [INFO    ] backups2datalad.py Syncing asset /sub-720531601/sub-720531601_ses-720794892_icephys.nwb
2020-10-09T17:09:36-0400 [INFO    ] backups2datalad.py Asset in dataset, and hash shows no modification; will not update
2020-10-09T17:09:36-0400 [INFO    ] backups2datalad.py Syncing asset /sub-720531601/sub-720531601_ses-720795676_icephys.nwb
2020-10-09T17:09:37-0400 [INFO    ] backups2datalad.py Asset in dataset, and hash shows no modification; will not update
2020-10-09T17:09:37-0400 [INFO    ] backups2datalad.py Syncing asset /sub-720619787/sub-720619787_ses-720827966_icephys.nwb
2020-10-09T17:09:37-0400 [INFO    ] backups2datalad.py Asset in dataset, and hash shows no modification; will not update
2020-10-09T17:09:37-0400 [INFO    ] backups2datalad.py Syncing asset /sub-720619787/sub-720619787_ses-720828198_icephys.nwb
2020-10-09T17:09:37-0400 [INFO    ] backups2datalad.py Asset in dataset, and hash shows no modification; will not update
2020-10-09T17:09:37-0400 [INFO    ] backups2datalad.py Syncing asset /sub-720619787/sub-720619787_ses-720828324_icephys.nwb
2020-10-09T17:09:38-0400 [INFO    ] backups2datalad.py Asset in dataset, and hash shows no modification; will not update
2020-10-09T17:09:38-0400 [INFO    ] backups2datalad.py Syncing asset /sub-720619787/sub-720619787_ses-720834255_icephys.nwb
2020-10-09T17:09:38-0400 [INFO    ] backups2datalad.py Asset in dataset, and hash shows no modification; will not update
2020-10-09T17:09:38-0400 [INFO    ] backups2datalad.py Syncing asset /sub-720619787/sub-720619787_ses-720838509_icephys.nwb
2020-10-09T17:09:38-0400 [INFO    ] backups2datalad.py Asset in dataset, and hash shows no modification; will not update
2020-10-09T17:09:38-0400 [INFO    ] backups2datalad.py Syncing asset /sub-720619787/sub-720619787_ses-720845876_icephys.nwb
2020-10-09T17:09:39-0400 [INFO    ] backups2datalad.py Asset in dataset, and hash shows no modification; will not update
2020-10-09T17:09:39-0400 [INFO    ] backups2datalad.py Syncing asset /sub-720619787/sub-720619787_ses-720845905_icephys.nwb
2020-10-09T17:09:39-0400 [INFO    ] backups2datalad.py Asset in dataset, and hash shows no modification; will not update
2020-10-09T17:09:39-0400 [INFO    ] backups2datalad.py Syncing asset /sub-720619787/sub-720619787_ses-720850095_icephys.nwb
2020-10-09T17:09:39-0400 [INFO    ] backups2datalad.py Asset in dataset, and hash shows no modification; will not update
2020-10-09T17:09:39-0400 [INFO    ] backups2datalad.py Syncing asset /sub-720619787/sub-720619787_ses-720850964_icephys.nwb
2020-10-09T17:09:40-0400 [INFO    ] backups2datalad.py Asset in dataset, and hash shows no modification; will not update
2020-10-09T17:09:40-0400 [INFO    ] backups2datalad.py Syncing asset /sub-720619787/sub-720619787_ses-720856105_icephys.nwb
2020-10-09T17:09:40-0400 [INFO    ] backups2datalad.py Asset in dataset, and hash shows no modification; will not update
2020-10-09T17:09:40-0400 [INFO    ] backups2datalad.py Syncing asset /sub-720619787/sub-720619787_ses-720856351_icephys.nwb
2020-10-09T17:09:40-0400 [INFO    ] backups2datalad.py Asset in dataset, and hash shows no modification; will not update
2020-10-09T17:09:40-0400 [INFO    ] backups2datalad.py Syncing asset /sub-720619787/sub-720619787_ses-720862313_icephys.nwb
2020-10-09T17:09:41-0400 [INFO    ] backups2datalad.py Asset in dataset, and hash shows no modification; will not update
2020-10-09T17:09:41-0400 [INFO    ] backups2datalad.py Syncing asset /sub-720619787/sub-720619787_ses-720864592_icephys.nwb
2020-10-09T17:09:41-0400 [INFO    ] backups2datalad.py Asset in dataset, and hash shows no modification; will not update
2020-10-09T17:09:41-0400 [INFO    ] backups2datalad.py Syncing asset /sub-720619787/sub-720619787_ses-720871145_icephys.nwb
2020-10-09T17:09:41-0400 [INFO    ] backups2datalad.py Asset in dataset, and hash shows no modification; will not update
2020-10-09T17:09:41-0400 [INFO    ] backups2datalad.py Syncing asset /sub-720619787/sub-720619787_ses-720878765_icephys.nwb
2020-10-09T17:09:42-0400 [INFO    ] backups2datalad.py Asset in dataset, and hash shows no modification; will not update
2020-10-09T17:09:42-0400 [INFO    ] backups2datalad.py Syncing asset /sub-720619787/sub-720619787_ses-721549850_icephys.nwb
2020-10-09T17:09:42-0400 [INFO    ] backups2datalad.py Asset in dataset, and hash shows no modification; will not update
2020-10-09T17:09:42-0400 [INFO    ] backups2datalad.py Syncing asset /sub-720619787/sub-720619787_ses-721570928_icephys.nwb
2020-10-09T17:09:43-0400 [INFO    ] backups2datalad.py Asset in dataset, and hash shows no modification; will not update
2020-10-09T17:09:43-0400 [INFO    ] backups2datalad.py Syncing asset /sub-727391446/sub-727391446_ses-727397252_icephys.nwb
2020-10-09T17:09:43-0400 [INFO    ] backups2datalad.py Asset in dataset, and hash shows no modification; will not update
2020-10-09T17:09:43-0400 [INFO    ] backups2datalad.py Syncing asset /sub-731978186/sub-731978186_ses-732048771_icephys.nwb
2020-10-09T17:09:43-0400 [INFO    ] backups2datalad.py Asset in dataset, and hash shows no modification; will not update
2020-10-09T17:09:43-0400 [INFO    ] backups2datalad.py Syncing asset /sub-731978186/sub-731978186_ses-732056436_icephys.nwb
2020-10-09T17:09:44-0400 [INFO    ] backups2datalad.py Asset in dataset, and hash shows no modification; will not update
2020-10-09T17:09:44-0400 [INFO    ] backups2datalad.py Syncing asset /sub-731978186/sub-731978186_ses-732063450_icephys.nwb
2020-10-09T17:09:44-0400 [INFO    ] backups2datalad.py Asset in dataset, and hash shows no modification; will not update
2020-10-09T17:09:44-0400 [INFO    ] backups2datalad.py Syncing asset /sub-731978186/sub-731978186_ses-732080877_icephys.nwb
2020-10-09T17:09:44-0400 [INFO    ] backups2datalad.py Asset in dataset, and hash shows no modification; will not update
2020-10-09T17:09:44-0400 [INFO    ] backups2datalad.py Syncing asset /sub-731978186/sub-731978186_ses-732089196_icephys.nwb
2020-10-09T17:09:45-0400 [INFO    ] backups2datalad.py Asset in dataset, and hash shows no modification; will not update
2020-10-09T17:09:45-0400 [INFO    ] backups2datalad.py Syncing asset /sub-731978186/sub-731978186_ses-732091715_icephys.nwb
2020-10-09T17:09:45-0400 [INFO    ] backups2datalad.py Asset in dataset, and hash shows no modification; will not update
2020-10-09T17:09:45-0400 [INFO    ] backups2datalad.py Syncing asset /sub-731978186/sub-731978186_ses-732095848_icephys.nwb
2020-10-09T17:09:45-0400 [INFO    ] backups2datalad.py Asset in dataset, and hash shows no modification; will not update
2020-10-09T17:09:45-0400 [INFO    ] backups2datalad.py Syncing asset /sub-731978186/sub-731978186_ses-732101760_icephys.nwb
2020-10-09T17:09:46-0400 [INFO    ] backups2datalad.py Asset in dataset, and hash shows no modification; will not update
2020-10-09T17:09:46-0400 [INFO    ] backups2datalad.py Syncing asset /sub-731978186/sub-731978186_ses-732113347_icephys.nwb
2020-10-09T17:09:46-0400 [INFO    ] backups2datalad.py Asset in dataset, and hash shows no modification; will not update
2020-10-09T17:09:46-0400 [INFO    ] backups2datalad.py Syncing asset /sub-731978186/sub-731978186_ses-732127660_icephys.nwb
2020-10-09T17:09:46-0400 [INFO    ] backups2datalad.py Asset in dataset, and hash shows no modification; will not update
2020-10-09T17:09:46-0400 [INFO    ] backups2datalad.py Syncing asset /sub-731978186/sub-731978186_ses-732150053_icephys.nwb
2020-10-09T17:09:47-0400 [INFO    ] backups2datalad.py Asset in dataset, and hash shows no modification; will not update
2020-10-09T17:09:47-0400 [INFO    ] backups2datalad.py Syncing asset /sub-731978186/sub-731978186_ses-732159482_icephys.nwb
2020-10-09T17:09:47-0400 [INFO    ] backups2datalad.py Asset in dataset, and hash shows no modification; will not update
2020-10-09T17:09:47-0400 [INFO    ] backups2datalad.py Syncing asset /sub-731978186/sub-731978186_ses-732170598_icephys.nwb
2020-10-09T17:09:48-0400 [INFO    ] backups2datalad.py Asset in dataset, and hash shows no modification; will not update
2020-10-09T17:09:48-0400 [INFO    ] backups2datalad.py Syncing asset /sub-731978186/sub-731978186_ses-732197486_icephys.nwb
2020-10-09T17:09:48-0400 [INFO    ] backups2datalad.py Asset in dataset, and hash shows no modification; will not update
2020-10-09T17:09:48-0400 [INFO    ] backups2datalad.py Syncing asset /sub-731978186/sub-731978186_ses-732204543_icephys.nwb
2020-10-09T17:09:48-0400 [INFO    ] backups2datalad.py Asset in dataset, and hash shows no modification; will not update
2020-10-09T17:09:48-0400 [INFO    ] backups2datalad.py Syncing asset /sub-731978186/sub-731978186_ses-732477219_icephys.nwb
2020-10-09T17:09:49-0400 [INFO    ] backups2datalad.py Asset in dataset, and hash shows no modification; will not update
2020-10-09T17:09:49-0400 [INFO    ] backups2datalad.py Syncing asset /sub-731978186/sub-731978186_ses-732765244_icephys.nwb
2020-10-09T17:09:49-0400 [INFO    ] backups2datalad.py Asset in dataset, and hash shows no modification; will not update
2020-10-09T17:09:49-0400 [INFO    ] backups2datalad.py Syncing asset /sub-731978186/sub-731978186_ses-732773423_icephys.nwb
2020-10-09T17:09:49-0400 [INFO    ] backups2datalad.py Asset in dataset, and hash shows no modification; will not update
2020-10-09T17:09:49-0400 [INFO    ] backups2datalad.py Syncing asset /sub-731978186/sub-731978186_ses-732782531_icephys.nwb
2020-10-09T17:09:50-0400 [INFO    ] backups2datalad.py Asset in dataset, and hash shows no modification; will not update
2020-10-09T17:09:50-0400 [INFO    ] backups2datalad.py Syncing asset /sub-731978186/sub-731978186_ses-732791475_icephys.nwb
2020-10-09T17:09:50-0400 [INFO    ] backups2datalad.py Asset in dataset, and hash shows no modification; will not update
2020-10-09T17:09:50-0400 [INFO    ] backups2datalad.py Syncing asset /sub-736890023/sub-736890023_ses-737089415_icephys.nwb
2020-10-09T17:09:50-0400 [INFO    ] backups2datalad.py Asset in dataset, and hash shows no modification; will not update
2020-10-09T17:09:50-0400 [INFO    ] backups2datalad.py Syncing asset /sub-736890023/sub-736890023_ses-737133722_icephys.nwb
2020-10-09T17:09:51-0400 [INFO    ] backups2datalad.py Asset in dataset, and hash shows no modification; will not update
2020-10-09T17:09:51-0400 [INFO    ] backups2datalad.py Syncing asset /sub-736890023/sub-736890023_ses-737134060_icephys.nwb
2020-10-09T17:09:51-0400 [INFO    ] backups2datalad.py Asset in dataset, and hash shows no modification; will not update
2020-10-09T17:09:51-0400 [INFO    ] backups2datalad.py Syncing asset /sub-736890023/sub-736890023_ses-737158405_icephys.nwb
2020-10-09T17:09:51-0400 [INFO    ] backups2datalad.py Asset in dataset, and hash shows no modification; will not update
2020-10-09T17:09:51-0400 [INFO    ] backups2datalad.py Syncing asset /sub-736890023/sub-736890023_ses-737191617_icephys.nwb
2020-10-09T17:09:52-0400 [INFO    ] backups2datalad.py Asset in dataset, and hash shows no modification; will not update
2020-10-09T17:09:52-0400 [INFO    ] backups2datalad.py Syncing asset /sub-736890023/sub-736890023_ses-737279146_icephys.nwb
2020-10-09T17:09:52-0400 [INFO    ] backups2datalad.py Asset in dataset, and hash shows no modification; will not update
2020-10-09T17:09:52-0400 [INFO    ] backups2datalad.py Syncing asset /sub-736890023/sub-736890023_ses-737279297_icephys.nwb
2020-10-09T17:09:52-0400 [INFO    ] backups2datalad.py Asset in dataset, and hash shows no modification; will not update
2020-10-09T17:09:52-0400 [INFO    ] backups2datalad.py Syncing asset /sub-736890023/sub-736890023_ses-737293859_icephys.nwb
2020-10-09T17:09:53-0400 [INFO    ] backups2datalad.py Asset in dataset, and hash shows no modification; will not update
2020-10-09T17:09:53-0400 [INFO    ] backups2datalad.py Syncing asset /sub-736890023/sub-736890023_ses-737294035_icephys.nwb
2020-10-09T17:09:53-0400 [INFO    ] backups2datalad.py Asset in dataset, and hash shows no modification; will not update
2020-10-09T17:09:53-0400 [INFO    ] backups2datalad.py Syncing asset /sub-736890023/sub-736890023_ses-737404007_icephys.nwb
2020-10-09T17:09:53-0400 [INFO    ] backups2datalad.py Asset in dataset, and hash shows no modification; will not update
2020-10-09T17:09:53-0400 [INFO    ] backups2datalad.py Syncing asset /sub-736890023/sub-736890023_ses-737424138_icephys.nwb
2020-10-09T17:09:54-0400 [INFO    ] backups2datalad.py Asset in dataset, and hash shows no modification; will not update
2020-10-09T17:09:54-0400 [INFO    ] backups2datalad.py Syncing asset /sub-737373545/sub-737373545_ses-737795448_icephys.nwb
2020-10-09T17:09:54-0400 [INFO    ] backups2datalad.py Asset in dataset, and hash shows no modification; will not update
2020-10-09T17:09:54-0400 [INFO    ] backups2datalad.py Syncing asset /sub-737373545/sub-737373545_ses-737820113_icephys.nwb
2020-10-09T17:09:54-0400 [INFO    ] backups2datalad.py Asset in dataset, and hash shows no modification; will not update
2020-10-09T17:09:54-0400 [INFO    ] backups2datalad.py Syncing asset /sub-737373545/sub-737373545_ses-737988175_icephys.nwb
2020-10-09T17:09:55-0400 [INFO    ] backups2datalad.py Asset in dataset, and hash shows no modification; will not update
2020-10-09T17:09:55-0400 [INFO    ] backups2datalad.py Syncing asset /sub-737373545/sub-737373545_ses-738027216_icephys.nwb
2020-10-09T17:09:55-0400 [INFO    ] backups2datalad.py Asset in dataset, and hash shows no modification; will not update
2020-10-09T17:09:55-0400 [INFO    ] backups2datalad.py Syncing asset /sub-750786644/sub-750786644_ses-750842149_icephys.nwb
2020-10-09T17:09:56-0400 [INFO    ] backups2datalad.py Asset in dataset, and hash shows no modification; will not update
2020-10-09T17:09:56-0400 [INFO    ] backups2datalad.py Syncing asset /sub-750786644/sub-750786644_ses-750844594_icephys.nwb
2020-10-09T17:09:56-0400 [INFO    ] backups2datalad.py Asset in dataset, and hash shows no modification; will not update
2020-10-09T17:09:56-0400 [INFO    ] backups2datalad.py Syncing asset /sub-758233315/sub-758233315_ses-758285390_icephys.nwb
2020-10-09T17:09:56-0400 [INFO    ] backups2datalad.py Asset in dataset, and hash shows no modification; will not update
2020-10-09T17:09:56-0400 [INFO    ] backups2datalad.py Syncing asset /sub-758233315/sub-758233315_ses-758286181_icephys.nwb
2020-10-09T17:09:57-0400 [INFO    ] backups2datalad.py Asset in dataset, and hash shows no modification; will not update
2020-10-09T17:09:57-0400 [INFO    ] backups2datalad.py Syncing asset /sub-758233315/sub-758233315_ses-758287364_icephys.nwb
2020-10-09T17:09:57-0400 [INFO    ] backups2datalad.py Asset in dataset, and hash shows no modification; will not update
2020-10-09T17:09:57-0400 [INFO    ] backups2datalad.py Syncing asset /sub-758233315/sub-758233315_ses-758294414_icephys.nwb
2020-10-09T17:09:57-0400 [INFO    ] backups2datalad.py Asset in dataset, and hash shows no modification; will not update
2020-10-09T17:09:57-0400 [INFO    ] backups2datalad.py Syncing asset /sub-758233315/sub-758233315_ses-758303261_icephys.nwb
2020-10-09T17:09:58-0400 [INFO    ] backups2datalad.py Asset in dataset, and hash shows no modification; will not update
2020-10-09T17:09:58-0400 [INFO    ] backups2datalad.py Syncing asset /sub-758233315/sub-758233315_ses-758305117_icephys.nwb
2020-10-09T17:09:58-0400 [INFO    ] backups2datalad.py Asset in dataset, and hash shows no modification; will not update
2020-10-09T17:09:58-0400 [INFO    ] backups2datalad.py Syncing asset /sub-758233315/sub-758233315_ses-758305312_icephys.nwb
2020-10-09T17:09:58-0400 [INFO    ] backups2datalad.py Asset in dataset, and hash shows no modification; will not update
2020-10-09T17:09:58-0400 [INFO    ] backups2datalad.py Syncing asset /sub-758233315/sub-758233315_ses-758306814_icephys.nwb
2020-10-09T17:09:59-0400 [INFO    ] backups2datalad.py Asset in dataset, and hash shows no modification; will not update
2020-10-09T17:09:59-0400 [INFO    ] backups2datalad.py Syncing asset /sub-758233315/sub-758233315_ses-758311025_icephys.nwb
2020-10-09T17:09:59-0400 [INFO    ] backups2datalad.py Asset in dataset, and hash shows no modification; will not update
2020-10-09T17:09:59-0400 [INFO    ] backups2datalad.py Syncing asset /sub-758233315/sub-758233315_ses-758311319_icephys.nwb
2020-10-09T17:09:59-0400 [INFO    ] backups2datalad.py Asset in dataset, and hash shows no modification; will not update
2020-10-09T17:09:59-0400 [INFO    ] backups2datalad.py Syncing asset /sub-758233315/sub-758233315_ses-758312428_icephys.nwb
2020-10-09T17:10:00-0400 [INFO    ] backups2datalad.py Asset in dataset, and hash shows no modification; will not update
2020-10-09T17:10:00-0400 [INFO    ] backups2datalad.py Syncing asset /sub-758233315/sub-758233315_ses-758319675_icephys.nwb
2020-10-09T17:10:00-0400 [INFO    ] backups2datalad.py Asset in dataset, and hash shows no modification; will not update
2020-10-09T17:10:00-0400 [INFO    ] backups2datalad.py Syncing asset /sub-758233315/sub-758233315_ses-758323387_icephys.nwb
2020-10-09T17:10:00-0400 [INFO    ] backups2datalad.py Asset in dataset, and hash shows no modification; will not update
2020-10-09T17:10:00-0400 [INFO    ] backups2datalad.py Syncing asset /sub-758233315/sub-758233315_ses-758522739_icephys.nwb
2020-10-09T17:10:01-0400 [INFO    ] backups2datalad.py Asset in dataset, and hash shows no modification; will not update
2020-10-09T17:10:01-0400 [INFO    ] backups2datalad.py Syncing asset /sub-758233315/sub-758233315_ses-758661907_icephys.nwb
2020-10-09T17:10:01-0400 [INFO    ] backups2datalad.py Asset in dataset, and hash shows no modification; will not update
2020-10-09T17:10:01-0400 [INFO    ] backups2datalad.py Syncing asset /sub-758233315/sub-758233315_ses-758704139_icephys.nwb
2020-10-09T17:10:01-0400 [INFO    ] backups2datalad.py Asset in dataset, and hash shows no modification; will not update
2020-10-09T17:10:01-0400 [INFO    ] backups2datalad.py Syncing asset /sub-758233315/sub-758233315_ses-758763787_icephys.nwb
2020-10-09T17:10:02-0400 [INFO    ] backups2datalad.py Asset in dataset, and hash shows no modification; will not update
2020-10-09T17:10:02-0400 [INFO    ] backups2datalad.py Syncing asset /sub-758233315/sub-758233315_ses-758785479_icephys.nwb
2020-10-09T17:10:02-0400 [INFO    ] backups2datalad.py Asset in dataset, and hash shows no modification; will not update
2020-10-09T17:10:02-0400 [INFO    ] backups2datalad.py Syncing asset /sub-758233315/sub-758233315_ses-758816905_icephys.nwb
2020-10-09T17:10:03-0400 [INFO    ] backups2datalad.py Asset in dataset, and hash shows no modification; will not update
2020-10-09T17:10:03-0400 [INFO    ] backups2datalad.py Syncing asset /sub-758233315/sub-758233315_ses-758834763_icephys.nwb
2020-10-09T17:10:03-0400 [INFO    ] backups2datalad.py Asset in dataset, and hash shows no modification; will not update
2020-10-09T17:10:03-0400 [INFO    ] backups2datalad.py Syncing asset /sub-758233315/sub-758233315_ses-758834873_icephys.nwb
2020-10-09T17:10:03-0400 [INFO    ] backups2datalad.py Asset in dataset, and hash shows no modification; will not update
2020-10-09T17:10:03-0400 [INFO    ] backups2datalad.py Syncing asset /sub-758233315/sub-758233315_ses-758967664_icephys.nwb
2020-10-09T17:10:04-0400 [INFO    ] backups2datalad.py Asset in dataset, and hash shows no modification; will not update
2020-10-09T17:10:04-0400 [INFO    ] backups2datalad.py Syncing asset /sub-758233315/sub-758233315_ses-758996791_icephys.nwb
2020-10-09T17:10:04-0400 [INFO    ] backups2datalad.py Asset in dataset, and hash shows no modification; will not update
2020-10-09T17:10:04-0400 [INFO    ] backups2datalad.py Syncing asset /sub-760110174/sub-760110174_ses-760408934_icephys.nwb
2020-10-09T17:10:04-0400 [INFO    ] backups2datalad.py Asset in dataset, and hash shows no modification; will not update
2020-10-09T17:10:04-0400 [INFO    ] backups2datalad.py Syncing asset /sub-766758349/sub-766758349_ses-766793835_icephys.nwb
2020-10-09T17:10:05-0400 [INFO    ] backups2datalad.py Asset in dataset, and hash shows no modification; will not update
2020-10-09T17:10:05-0400 [INFO    ] backups2datalad.py Syncing asset /sub-766758349/sub-766758349_ses-767061006_icephys.nwb
2020-10-09T17:10:05-0400 [INFO    ] backups2datalad.py Asset in dataset, and hash shows no modification; will not update
2020-10-09T17:10:05-0400 [INFO    ] backups2datalad.py Syncing asset /sub-766758349/sub-766758349_ses-767160451_icephys.nwb
2020-10-09T17:10:05-0400 [INFO    ] backups2datalad.py Asset in dataset, and hash shows no modification; will not update
2020-10-09T17:10:05-0400 [INFO    ] backups2datalad.py Syncing asset /sub-767377358/sub-767377358_ses-767415408_icephys.nwb
2020-10-09T17:10:06-0400 [INFO    ] backups2datalad.py Asset in dataset, and hash shows no modification; will not update
2020-10-09T17:10:06-0400 [INFO    ] backups2datalad.py Syncing asset /sub-767377358/sub-767377358_ses-767421958_icephys.nwb
2020-10-09T17:10:06-0400 [INFO    ] backups2datalad.py Asset in dataset, and hash shows no modification; will not update
2020-10-09T17:10:06-0400 [INFO    ] backups2datalad.py Syncing asset /sub-767377358/sub-767377358_ses-767433000_icephys.nwb
2020-10-09T17:10:06-0400 [INFO    ] backups2datalad.py Asset in dataset, and hash shows no modification; will not update
2020-10-09T17:10:06-0400 [INFO    ] backups2datalad.py Syncing asset /sub-767377358/sub-767377358_ses-767829614_icephys.nwb
2020-10-09T17:10:07-0400 [INFO    ] backups2datalad.py Asset in dataset, and hash shows no modification; will not update
2020-10-09T17:10:07-0400 [INFO    ] backups2datalad.py Syncing asset /sub-768678784/sub-768678784_ses-768819554_icephys.nwb
2020-10-09T17:10:07-0400 [INFO    ] backups2datalad.py Asset in dataset, and hash shows no modification; will not update
2020-10-09T17:10:07-0400 [INFO    ] backups2datalad.py Syncing asset /sub-768678784/sub-768678784_ses-768848080_icephys.nwb
2020-10-09T17:10:07-0400 [INFO    ] backups2datalad.py Asset in dataset, and hash shows no modification; will not update
2020-10-09T17:10:07-0400 [INFO    ] backups2datalad.py Syncing asset /sub-768678784/sub-768678784_ses-768848501_icephys.nwb
2020-10-09T17:10:08-0400 [INFO    ] backups2datalad.py Asset in dataset, and hash shows no modification; will not update
2020-10-09T17:10:08-0400 [INFO    ] backups2datalad.py Syncing asset /sub-768678784/sub-768678784_ses-768852808_icephys.nwb
2020-10-09T17:10:08-0400 [INFO    ] backups2datalad.py Asset in dataset, and hash shows no modification; will not update
2020-10-09T17:10:08-0400 [INFO    ] backups2datalad.py Syncing asset /sub-768678784/sub-768678784_ses-768857387_icephys.nwb
2020-10-09T17:10:09-0400 [INFO    ] backups2datalad.py Asset in dataset, and hash shows no modification; will not update
2020-10-09T17:10:09-0400 [INFO    ] backups2datalad.py Syncing asset /sub-768678784/sub-768678784_ses-768860839_icephys.nwb
2020-10-09T17:10:09-0400 [INFO    ] backups2datalad.py Asset in dataset, and hash shows no modification; will not update
2020-10-09T17:10:09-0400 [INFO    ] backups2datalad.py Syncing asset /sub-768678784/sub-768678784_ses-768866077_icephys.nwb
2020-10-09T17:10:09-0400 [INFO    ] backups2datalad.py Asset in dataset, and hash shows no modification; will not update
2020-10-09T17:10:09-0400 [INFO    ] backups2datalad.py Syncing asset /sub-768678784/sub-768678784_ses-768866897_icephys.nwb
2020-10-09T17:10:10-0400 [INFO    ] backups2datalad.py Asset in dataset, and hash shows no modification; will not update
2020-10-09T17:10:10-0400 [INFO    ] backups2datalad.py Syncing asset /sub-768678784/sub-768678784_ses-768874978_icephys.nwb
2020-10-09T17:10:10-0400 [INFO    ] backups2datalad.py Asset in dataset, and hash shows no modification; will not update
2020-10-09T17:10:10-0400 [INFO    ] backups2datalad.py Syncing asset /sub-768678784/sub-768678784_ses-768885416_icephys.nwb
2020-10-09T17:10:10-0400 [INFO    ] backups2datalad.py Asset in dataset, and hash shows no modification; will not update
2020-10-09T17:10:10-0400 [INFO    ] backups2datalad.py Syncing asset /sub-768678784/sub-768678784_ses-768891275_icephys.nwb
2020-10-09T17:10:11-0400 [INFO    ] backups2datalad.py Asset in dataset, and hash shows no modification; will not update
2020-10-09T17:10:11-0400 [INFO    ] backups2datalad.py Syncing asset /sub-768678784/sub-768678784_ses-768897743_icephys.nwb
2020-10-09T17:10:11-0400 [INFO    ] backups2datalad.py Asset in dataset, and hash shows no modification; will not update
2020-10-09T17:10:11-0400 [INFO    ] backups2datalad.py Syncing asset /sub-768678784/sub-768678784_ses-768899634_icephys.nwb
2020-10-09T17:10:11-0400 [INFO    ] backups2datalad.py Asset in dataset, and hash shows no modification; will not update
2020-10-09T17:10:11-0400 [INFO    ] backups2datalad.py Syncing asset /sub-768678784/sub-768678784_ses-768903979_icephys.nwb
2020-10-09T17:10:12-0400 [INFO    ] backups2datalad.py Asset in dataset, and hash shows no modification; will not update
2020-10-09T17:10:12-0400 [INFO    ] backups2datalad.py Syncing asset /sub-768678784/sub-768678784_ses-769228073_icephys.nwb
2020-10-09T17:10:12-0400 [INFO    ] backups2datalad.py Asset in dataset, and hash shows no modification; will not update
2020-10-09T17:10:12-0400 [INFO    ] backups2datalad.py Syncing asset /sub-768678784/sub-768678784_ses-769293657_icephys.nwb
2020-10-09T17:10:12-0400 [INFO    ] backups2datalad.py Asset in dataset, and hash shows no modification; will not update
2020-10-09T17:10:12-0400 [INFO    ] backups2datalad.py Syncing asset /sub-770227957/sub-770227957_ses-770249773_icephys.nwb
2020-10-09T17:10:13-0400 [INFO    ] backups2datalad.py Asset in dataset, and hash shows no modification; will not update
2020-10-09T17:10:13-0400 [INFO    ] backups2datalad.py Syncing asset /sub-770227957/sub-770227957_ses-770254746_icephys.nwb
2020-10-09T17:10:13-0400 [INFO    ] backups2datalad.py Asset in dataset, and hash shows no modification; will not update
2020-10-09T17:10:13-0400 [INFO    ] backups2datalad.py Syncing asset /sub-770227957/sub-770227957_ses-770255570_icephys.nwb
2020-10-09T17:10:13-0400 [INFO    ] backups2datalad.py Asset in dataset, and hash shows no modification; will not update
2020-10-09T17:10:13-0400 [INFO    ] backups2datalad.py Syncing asset /sub-770227957/sub-770227957_ses-770268132_icephys.nwb
2020-10-09T17:10:14-0400 [INFO    ] backups2datalad.py Asset in dataset, and hash shows no modification; will not update
2020-10-09T17:10:14-0400 [INFO    ] backups2datalad.py Syncing asset /sub-770227957/sub-770227957_ses-770268530_icephys.nwb
2020-10-09T17:10:14-0400 [INFO    ] backups2datalad.py Asset in dataset, and hash shows no modification; will not update
2020-10-09T17:10:14-0400 [INFO    ] backups2datalad.py Syncing asset /sub-770227957/sub-770227957_ses-770275508_icephys.nwb
2020-10-09T17:10:14-0400 [INFO    ] backups2datalad.py Asset in dataset, and hash shows no modification; will not update
2020-10-09T17:10:14-0400 [INFO    ] backups2datalad.py Syncing asset /sub-770227957/sub-770227957_ses-770275704_icephys.nwb
2020-10-09T17:10:15-0400 [INFO    ] backups2datalad.py Asset in dataset, and hash shows no modification; will not update
2020-10-09T17:10:15-0400 [INFO    ] backups2datalad.py Syncing asset /sub-770227957/sub-770227957_ses-770307186_icephys.nwb
2020-10-09T17:10:15-0400 [INFO    ] backups2datalad.py Asset in dataset, and hash shows no modification; will not update
2020-10-09T17:10:15-0400 [INFO    ] backups2datalad.py Syncing asset /sub-770227957/sub-770227957_ses-770320403_icephys.nwb
2020-10-09T17:10:15-0400 [INFO    ] backups2datalad.py Asset in dataset, and hash shows no modification; will not update
2020-10-09T17:10:15-0400 [INFO    ] backups2datalad.py Syncing asset /sub-770227957/sub-770227957_ses-770337117_icephys.nwb
2020-10-09T17:10:16-0400 [INFO    ] backups2datalad.py Asset in dataset, and hash shows no modification; will not update
2020-10-09T17:10:16-0400 [INFO    ] backups2datalad.py Syncing asset /sub-770227957/sub-770227957_ses-770369639_icephys.nwb
2020-10-09T17:10:16-0400 [INFO    ] backups2datalad.py Asset in dataset, and hash shows no modification; will not update
2020-10-09T17:10:16-0400 [INFO    ] backups2datalad.py Syncing asset /sub-770227957/sub-770227957_ses-770401953_icephys.nwb
2020-10-09T17:10:16-0400 [INFO    ] backups2datalad.py Asset in dataset, and hash shows no modification; will not update
2020-10-09T17:10:16-0400 [INFO    ] backups2datalad.py Syncing asset /sub-770227957/sub-770227957_ses-770414910_icephys.nwb
2020-10-09T17:10:17-0400 [INFO    ] backups2datalad.py Asset in dataset, and hash shows no modification; will not update
2020-10-09T17:10:17-0400 [INFO    ] backups2datalad.py Syncing asset /sub-770227957/sub-770227957_ses-770466500_icephys.nwb
2020-10-09T17:10:17-0400 [INFO    ] backups2datalad.py Asset in dataset, and hash shows no modification; will not update
2020-10-09T17:10:17-0400 [INFO    ] backups2datalad.py Syncing asset /sub-770227957/sub-770227957_ses-770466547_icephys.nwb
2020-10-09T17:10:17-0400 [INFO    ] backups2datalad.py Asset in dataset, and hash shows no modification; will not update
2020-10-09T17:10:17-0400 [INFO    ] backups2datalad.py Syncing asset /sub-770227957/sub-770227957_ses-770511337_icephys.nwb
2020-10-09T17:10:18-0400 [INFO    ] backups2datalad.py Asset in dataset, and hash shows no modification; will not update
2020-10-09T17:10:18-0400 [INFO    ] backups2datalad.py Syncing asset /sub-770227957/sub-770227957_ses-770516164_icephys.nwb
2020-10-09T17:10:18-0400 [INFO    ] backups2datalad.py Asset in dataset, and hash shows no modification; will not update
2020-10-09T17:10:18-0400 [INFO    ] backups2datalad.py Syncing asset /sub-770227957/sub-770227957_ses-770544130_icephys.nwb
2020-10-09T17:10:18-0400 [INFO    ] backups2datalad.py Asset in dataset, and hash shows no modification; will not update
2020-10-09T17:10:18-0400 [INFO    ] backups2datalad.py Syncing asset /sub-770227957/sub-770227957_ses-770581820_icephys.nwb
2020-10-09T17:10:19-0400 [INFO    ] backups2datalad.py Asset in dataset, and hash shows no modification; will not update
2020-10-09T17:10:19-0400 [INFO    ] backups2datalad.py Syncing asset /sub-770227957/sub-770227957_ses-770611279_icephys.nwb
2020-10-09T17:10:19-0400 [INFO    ] backups2datalad.py Asset in dataset, and hash shows no modification; will not update
2020-10-09T17:10:19-0400 [INFO    ] backups2datalad.py Syncing asset /sub-770227957/sub-770227957_ses-770611326_icephys.nwb
2020-10-09T17:10:19-0400 [INFO    ] backups2datalad.py Asset in dataset, and hash shows no modification; will not update
2020-10-09T17:10:19-0400 [INFO    ] backups2datalad.py Syncing asset /sub-770227957/sub-770227957_ses-770645870_icephys.nwb
2020-10-09T17:10:19-0400 [INFO    ] backups2datalad.py Asset in dataset, and hash shows no modification; will not update
2020-10-09T17:10:19-0400 [INFO    ] backups2datalad.py Syncing asset /sub-770227957/sub-770227957_ses-770650192_icephys.nwb
2020-10-09T17:10:20-0400 [INFO    ] backups2datalad.py Asset in dataset, and hash shows no modification; will not update
2020-10-09T17:10:20-0400 [INFO    ] backups2datalad.py Syncing asset /sub-770227957/sub-770227957_ses-770658533_icephys.nwb
2020-10-09T17:10:20-0400 [INFO    ] backups2datalad.py Asset in dataset, and hash shows no modification; will not update
2020-10-09T17:10:20-0400 [INFO    ] backups2datalad.py Syncing asset /sub-770227957/sub-770227957_ses-770662658_icephys.nwb
2020-10-09T17:10:20-0400 [INFO    ] backups2datalad.py Asset in dataset, and hash shows no modification; will not update
2020-10-09T17:10:20-0400 [INFO    ] backups2datalad.py Syncing asset /sub-774230643/sub-774230643_ses-774350500_icephys.nwb
2020-10-09T17:10:21-0400 [INFO    ] backups2datalad.py Asset in dataset, and hash shows no modification; will not update
2020-10-09T17:10:21-0400 [INFO    ] backups2datalad.py Syncing asset /sub-774230643/sub-774230643_ses-774356586_icephys.nwb
2020-10-09T17:10:21-0400 [INFO    ] backups2datalad.py Asset in dataset, and hash shows no modification; will not update
2020-10-09T17:10:21-0400 [INFO    ] backups2datalad.py Syncing asset /sub-774230643/sub-774230643_ses-774378831_icephys.nwb
2020-10-09T17:10:21-0400 [INFO    ] backups2datalad.py Asset in dataset, and hash shows no modification; will not update
2020-10-09T17:10:21-0400 [INFO    ] backups2datalad.py Syncing asset /sub-774230643/sub-774230643_ses-774398998_icephys.nwb
2020-10-09T17:10:22-0400 [INFO    ] backups2datalad.py Asset in dataset, and hash shows no modification; will not update
2020-10-09T17:10:22-0400 [INFO    ] backups2datalad.py Syncing asset /sub-774230643/sub-774230643_ses-774415993_icephys.nwb
2020-10-09T17:10:22-0400 [INFO    ] backups2datalad.py Asset in dataset, and hash shows no modification; will not update
2020-10-09T17:10:22-0400 [INFO    ] backups2datalad.py Syncing asset /sub-774230643/sub-774230643_ses-774420835_icephys.nwb
2020-10-09T17:10:22-0400 [INFO    ] backups2datalad.py Asset in dataset, and hash shows no modification; will not update
2020-10-09T17:10:22-0400 [INFO    ] backups2datalad.py Syncing asset /sub-774230643/sub-774230643_ses-774421971_icephys.nwb
2020-10-09T17:10:23-0400 [INFO    ] backups2datalad.py Asset in dataset, and hash shows no modification; will not update
2020-10-09T17:10:23-0400 [INFO    ] backups2datalad.py Syncing asset /sub-774230643/sub-774230643_ses-774429668_icephys.nwb
2020-10-09T17:10:23-0400 [INFO    ] backups2datalad.py Asset in dataset, and hash shows no modification; will not update
2020-10-09T17:10:23-0400 [INFO    ] backups2datalad.py Syncing asset /sub-774230643/sub-774230643_ses-774619846_icephys.nwb
2020-10-09T17:10:23-0400 [INFO    ] backups2datalad.py Asset in dataset, and hash shows no modification; will not update
2020-10-09T17:10:23-0400 [INFO    ] backups2datalad.py Syncing asset /sub-774230643/sub-774230643_ses-774631795_icephys.nwb
2020-10-09T17:10:24-0400 [INFO    ] backups2datalad.py Asset in dataset, and hash shows no modification; will not update
2020-10-09T17:10:24-0400 [INFO    ] backups2datalad.py Syncing asset /sub-783453365/sub-783453365_ses-783585520_icephys.nwb
2020-10-09T17:10:24-0400 [INFO    ] backups2datalad.py Asset in dataset, and hash shows no modification; will not update
2020-10-09T17:10:24-0400 [INFO    ] backups2datalad.py Syncing asset /sub-783453365/sub-783453365_ses-783585664_icephys.nwb
2020-10-09T17:10:24-0400 [INFO    ] backups2datalad.py Asset in dataset, and hash shows no modification; will not update
2020-10-09T17:10:24-0400 [INFO    ] backups2datalad.py Syncing asset /sub-783453365/sub-783453365_ses-783615170_icephys.nwb
2020-10-09T17:10:25-0400 [INFO    ] backups2datalad.py Asset in dataset, and hash shows no modification; will not update
2020-10-09T17:10:25-0400 [INFO    ] backups2datalad.py Syncing asset /sub-783453365/sub-783453365_ses-783624413_icephys.nwb
2020-10-09T17:10:25-0400 [INFO    ] backups2datalad.py Asset in dataset, and hash shows no modification; will not update
2020-10-09T17:10:25-0400 [INFO    ] backups2datalad.py Syncing asset /sub-783453365/sub-783453365_ses-783698483_icephys.nwb
2020-10-09T17:10:25-0400 [INFO    ] backups2datalad.py Asset in dataset, and hash shows no modification; will not update
2020-10-09T17:10:25-0400 [INFO    ] backups2datalad.py Syncing asset /sub-783453365/sub-783453365_ses-785378254_icephys.nwb
2020-10-09T17:10:26-0400 [INFO    ] backups2datalad.py Asset in dataset, and hash shows no modification; will not update
2020-10-09T17:10:26-0400 [INFO    ] backups2datalad.py Syncing asset /sub-783453365/sub-783453365_ses-785379621_icephys.nwb
2020-10-09T17:10:26-0400 [INFO    ] backups2datalad.py Asset in dataset, and hash shows no modification; will not update
2020-10-09T17:10:26-0400 [INFO    ] backups2datalad.py Syncing asset /sub-786359945/sub-786359945_ses-786437712_icephys.nwb
2020-10-09T17:10:26-0400 [INFO    ] backups2datalad.py Asset in dataset, and hash shows no modification; will not update
2020-10-09T17:10:26-0400 [INFO    ] backups2datalad.py Syncing asset /sub-786359945/sub-786359945_ses-786443952_icephys.nwb
2020-10-09T17:10:27-0400 [INFO    ] backups2datalad.py Asset in dataset, and hash shows no modification; will not update
2020-10-09T17:10:27-0400 [INFO    ] backups2datalad.py Syncing asset /sub-786359945/sub-786359945_ses-786448011_icephys.nwb
2020-10-09T17:10:27-0400 [INFO    ] backups2datalad.py Asset in dataset, and hash shows no modification; will not update
2020-10-09T17:10:27-0400 [INFO    ] backups2datalad.py Syncing asset /sub-786359945/sub-786359945_ses-786456524_icephys.nwb
2020-10-09T17:10:27-0400 [INFO    ] backups2datalad.py Asset in dataset, and hash shows no modification; will not update
2020-10-09T17:10:27-0400 [INFO    ] backups2datalad.py Syncing asset /sub-786359945/sub-786359945_ses-786464112_icephys.nwb
2020-10-09T17:10:28-0400 [INFO    ] backups2datalad.py Asset in dataset, and hash shows no modification; will not update
2020-10-09T17:10:28-0400 [INFO    ] backups2datalad.py Syncing asset /sub-786359945/sub-786359945_ses-786465191_icephys.nwb
2020-10-09T17:10:28-0400 [INFO    ] backups2datalad.py Asset in dataset, and hash shows no modification; will not update
2020-10-09T17:10:28-0400 [INFO    ] backups2datalad.py Syncing asset /sub-786359945/sub-786359945_ses-786472934_icephys.nwb
2020-10-09T17:10:28-0400 [INFO    ] backups2datalad.py Asset in dataset, and hash shows no modification; will not update
2020-10-09T17:10:28-0400 [INFO    ] backups2datalad.py Syncing asset /sub-786359945/sub-786359945_ses-786484807_icephys.nwb
2020-10-09T17:10:29-0400 [INFO    ] backups2datalad.py Asset in dataset, and hash shows no modification; will not update
2020-10-09T17:10:29-0400 [INFO    ] backups2datalad.py Syncing asset /sub-786359945/sub-786359945_ses-786497311_icephys.nwb
2020-10-09T17:10:29-0400 [INFO    ] backups2datalad.py Asset in dataset, and hash shows no modification; will not update
2020-10-09T17:10:29-0400 [INFO    ] backups2datalad.py Syncing asset /sub-786359945/sub-786359945_ses-786497914_icephys.nwb
2020-10-09T17:10:29-0400 [INFO    ] backups2datalad.py Asset in dataset, and hash shows no modification; will not update
2020-10-09T17:10:29-0400 [INFO    ] backups2datalad.py Syncing asset /sub-786359945/sub-786359945_ses-786508339_icephys.nwb
2020-10-09T17:10:30-0400 [INFO    ] backups2datalad.py Asset in dataset, and hash shows no modification; will not update
2020-10-09T17:10:30-0400 [INFO    ] backups2datalad.py Syncing asset /sub-786359945/sub-786359945_ses-786520736_icephys.nwb
2020-10-09T17:10:30-0400 [INFO    ] backups2datalad.py Asset in dataset, and hash shows no modification; will not update
2020-10-09T17:10:30-0400 [INFO    ] backups2datalad.py Syncing asset /sub-786359945/sub-786359945_ses-787088903_icephys.nwb
2020-10-09T17:10:30-0400 [INFO    ] backups2datalad.py Asset in dataset, and hash shows no modification; will not update
2020-10-09T17:10:30-0400 [INFO    ] backups2datalad.py Syncing asset /sub-786359945/sub-786359945_ses-787239134_icephys.nwb
2020-10-09T17:10:31-0400 [INFO    ] backups2datalad.py Asset in dataset, and hash shows no modification; will not update
2020-10-09T17:10:31-0400 [INFO    ] backups2datalad.py Syncing asset /sub-793165711/sub-793165711_ses-793375116_icephys.nwb
2020-10-09T17:10:31-0400 [INFO    ] backups2datalad.py Asset in dataset, and hash shows no modification; will not update
2020-10-09T17:10:31-0400 [INFO    ] backups2datalad.py Syncing asset /sub-793165711/sub-793165711_ses-793433601_icephys.nwb
2020-10-09T17:10:31-0400 [INFO    ] backups2datalad.py Asset in dataset, and hash shows no modification; will not update
2020-10-09T17:10:31-0400 [INFO    ] backups2datalad.py Syncing asset /sub-793165711/sub-793165711_ses-793490523_icephys.nwb
2020-10-09T17:10:32-0400 [INFO    ] backups2datalad.py Asset in dataset, and hash shows no modification; will not update
2020-10-09T17:10:32-0400 [INFO    ] backups2datalad.py Syncing asset /sub-793165711/sub-793165711_ses-793518028_icephys.nwb
2020-10-09T17:10:32-0400 [INFO    ] backups2datalad.py Asset in dataset, and hash shows no modification; will not update
2020-10-09T17:10:32-0400 [INFO    ] backups2datalad.py Syncing asset /sub-793165711/sub-793165711_ses-793523120_icephys.nwb
2020-10-09T17:10:32-0400 [INFO    ] backups2datalad.py Asset in dataset, and hash shows no modification; will not update
2020-10-09T17:10:32-0400 [INFO    ] backups2datalad.py Syncing asset /sub-793165711/sub-793165711_ses-793560108_icephys.nwb
2020-10-09T17:10:33-0400 [INFO    ] backups2datalad.py Asset in dataset, and hash shows no modification; will not update
2020-10-09T17:10:33-0400 [INFO    ] backups2datalad.py Syncing asset /sub-793165711/sub-793165711_ses-793615707_icephys.nwb
2020-10-09T17:10:33-0400 [INFO    ] backups2datalad.py Asset in dataset, and hash shows no modification; will not update
2020-10-09T17:10:33-0400 [INFO    ] backups2datalad.py Syncing asset /sub-793165711/sub-793165711_ses-793647652_icephys.nwb
2020-10-09T17:10:33-0400 [INFO    ] backups2datalad.py Asset in dataset, and hash shows no modification; will not update
2020-10-09T17:10:33-0400 [INFO    ] backups2datalad.py Syncing asset /sub-793165711/sub-793165711_ses-793696178_icephys.nwb
2020-10-09T17:10:34-0400 [INFO    ] backups2datalad.py Asset in dataset, and hash shows no modification; will not update
2020-10-09T17:10:34-0400 [INFO    ] backups2datalad.py Syncing asset /sub-793165711/sub-793165711_ses-794208661_icephys.nwb
2020-10-09T17:10:34-0400 [INFO    ] backups2datalad.py Asset in dataset, and hash shows no modification; will not update
2020-10-09T17:10:34-0400 [INFO    ] backups2datalad.py Syncing asset /sub-793165711/sub-793165711_ses-794245838_icephys.nwb
2020-10-09T17:10:34-0400 [INFO    ] backups2datalad.py Asset in dataset, and hash shows no modification; will not update
2020-10-09T17:10:34-0400 [INFO    ] backups2datalad.py Syncing asset /sub-793165711/sub-793165711_ses-794276651_icephys.nwb
2020-10-09T17:10:35-0400 [INFO    ] backups2datalad.py Asset in dataset, and hash shows no modification; will not update
2020-10-09T17:10:35-0400 [INFO    ] backups2datalad.py Syncing asset /sub-793165711/sub-793165711_ses-794299380_icephys.nwb
2020-10-09T17:10:35-0400 [INFO    ] backups2datalad.py Asset in dataset, and hash shows no modification; will not update
2020-10-09T17:10:35-0400 [INFO    ] backups2datalad.py Syncing asset /sub-797676582/sub-797676582_ses-797977721_icephys.nwb
2020-10-09T17:10:35-0400 [INFO    ] backups2datalad.py Asset in dataset, and hash shows no modification; will not update
2020-10-09T17:10:35-0400 [INFO    ] backups2datalad.py Syncing asset /sub-797676582/sub-797676582_ses-798172866_icephys.nwb
2020-10-09T17:10:36-0400 [INFO    ] backups2datalad.py Asset in dataset, and hash shows no modification; will not update
2020-10-09T17:10:36-0400 [INFO    ] backups2datalad.py Syncing asset /sub-797676582/sub-797676582_ses-798257712_icephys.nwb
2020-10-09T17:10:36-0400 [INFO    ] backups2datalad.py Asset in dataset, and hash shows no modification; will not update
2020-10-09T17:10:36-0400 [INFO    ] backups2datalad.py Syncing asset /sub-805678822/sub-805678822_ses-805752506_icephys.nwb
2020-10-09T17:10:36-0400 [INFO    ] backups2datalad.py Asset in dataset, and hash shows no modification; will not update
2020-10-09T17:10:36-0400 [INFO    ] backups2datalad.py Syncing asset /sub-805678822/sub-805678822_ses-805766540_icephys.nwb
2020-10-09T17:10:37-0400 [INFO    ] backups2datalad.py Asset in dataset, and hash shows no modification; will not update
2020-10-09T17:10:37-0400 [INFO    ] backups2datalad.py Syncing asset /sub-805678822/sub-805678822_ses-805782225_icephys.nwb
2020-10-09T17:10:37-0400 [INFO    ] backups2datalad.py Asset in dataset, and hash shows no modification; will not update
2020-10-09T17:10:37-0400 [INFO    ] backups2datalad.py Syncing asset /sub-811677083/sub-811677083_ses-811883172_icephys.nwb
2020-10-09T17:10:37-0400 [INFO    ] backups2datalad.py Asset in dataset, and hash shows no modification; will not update
2020-10-09T17:10:37-0400 [INFO    ] backups2datalad.py Syncing asset /sub-811677083/sub-811677083_ses-811939078_icephys.nwb
2020-10-09T17:10:38-0400 [INFO    ] backups2datalad.py Asset in dataset, and hash shows no modification; will not update
2020-10-09T17:10:38-0400 [INFO    ] backups2datalad.py Syncing asset /sub-811677083/sub-811677083_ses-811954336_icephys.nwb
2020-10-09T17:10:38-0400 [INFO    ] backups2datalad.py Asset in dataset, and hash shows no modification; will not update
2020-10-09T17:10:38-0400 [INFO    ] backups2datalad.py Syncing asset /sub-813481439/sub-813481439_ses-813709961_icephys.nwb
2020-10-09T17:10:38-0400 [INFO    ] backups2datalad.py Asset in dataset, and hash shows no modification; will not update
2020-10-09T17:10:38-0400 [INFO    ] backups2datalad.py Syncing asset /sub-813481439/sub-813481439_ses-813734955_icephys.nwb
2020-10-09T17:10:39-0400 [INFO    ] backups2datalad.py Asset in dataset, and hash shows no modification; will not update
2020-10-09T17:10:39-0400 [INFO    ] backups2datalad.py Syncing asset /sub-832340431/sub-832340431_ses-832627736_icephys.nwb
2020-10-09T17:10:39-0400 [INFO    ] backups2datalad.py Asset in dataset, and hash shows no modification; will not update
2020-10-09T17:10:39-0400 [INFO    ] backups2datalad.py Commiting changes
